{"/home/luigi/Desktop/barfometer/src/application/ProcessBlowUseCase.ts": {"path":"/home/luigi/Desktop/barfometer/src/application/ProcessBlowUseCase.ts","statementMap":{"0":{"start":{"line":15,"column":21},"end":{"line":15,"column":null}},"1":{"start":{"line":16,"column":21},"end":{"line":16,"column":null}},"2":{"start":{"line":25,"column":4},"end":{"line":27,"column":null}},"3":{"start":{"line":26,"column":6},"end":{"line":26,"column":null}},"4":{"start":{"line":29,"column":22},"end":{"line":29,"column":null}},"5":{"start":{"line":30,"column":4},"end":{"line":30,"column":null}},"6":{"start":{"line":32,"column":4},"end":{"line":32,"column":null}}},"fnMap":{"0":{"name":"constructor","decl":{"start":{"line":14,"column":2},"end":{"line":14,"column":null}},"loc":{"start":{"line":17,"column":4},"end":{"line":17,"column":null}},"line":17},"1":{"name":"execute","decl":{"start":{"line":24,"column":2},"end":{"line":24,"column":10}},"loc":{"start":{"line":24,"column":65},"end":{"line":33,"column":null}},"line":24}},"branchMap":{"0":{"loc":{"start":{"line":25,"column":4},"end":{"line":27,"column":null}},"type":"if","locations":[{"start":{"line":25,"column":4},"end":{"line":27,"column":null}},{"start":{},"end":{}}],"line":25}},"s":{"0":2,"1":2,"2":2,"3":1,"4":1,"5":1,"6":1},"f":{"0":2,"1":2},"b":{"0":[1,1]},"meta":{"lastBranch":1,"lastFunction":2,"lastStatement":7,"seen":{"f:14:2:14:Infinity":0,"s:15:21:15:Infinity":0,"s:16:21:16:Infinity":1,"f:24:2:24:10":1,"b:25:4:27:Infinity:undefined:undefined:undefined:undefined":0,"s:25:4:27:Infinity":2,"s:26:6:26:Infinity":3,"s:29:22:29:Infinity":4,"s:30:4:30:Infinity":5,"s:32:4:32:Infinity":6},"fnNames":{}}}
,"/home/luigi/Desktop/barfometer/src/application/ResetSessionUseCase.ts": {"path":"/home/luigi/Desktop/barfometer/src/application/ResetSessionUseCase.ts","statementMap":{"0":{"start":{"line":10,"column":31},"end":{"line":10,"column":59}},"1":{"start":{"line":13,"column":4},"end":{"line":13,"column":null}}},"fnMap":{"0":{"name":"constructor","decl":{"start":{"line":10,"column":2},"end":{"line":10,"column":14}},"loc":{"start":{"line":10,"column":59},"end":{"line":10,"column":null}},"line":10},"1":{"name":"execute","decl":{"start":{"line":12,"column":2},"end":{"line":12,"column":18}},"loc":{"start":{"line":12,"column":18},"end":{"line":14,"column":null}},"line":12}},"branchMap":{},"s":{"0":1,"1":1},"f":{"0":1,"1":1},"b":{},"meta":{"lastBranch":0,"lastFunction":2,"lastStatement":2,"seen":{"f:10:2:10:14":0,"s:10:31:10:59":0,"f:12:2:12:18":1,"s:13:4:13:Infinity":1},"fnNames":{}}}
,"/home/luigi/Desktop/barfometer/src/application/SetZoneUseCase.ts": {"path":"/home/luigi/Desktop/barfometer/src/application/SetZoneUseCase.ts","statementMap":{"0":{"start":{"line":14,"column":21},"end":{"line":14,"column":null}},"1":{"start":{"line":15,"column":21},"end":{"line":15,"column":null}},"2":{"start":{"line":19,"column":4},"end":{"line":19,"column":null}},"3":{"start":{"line":20,"column":4},"end":{"line":20,"column":null}}},"fnMap":{"0":{"name":"constructor","decl":{"start":{"line":13,"column":2},"end":{"line":13,"column":null}},"loc":{"start":{"line":16,"column":4},"end":{"line":16,"column":null}},"line":16},"1":{"name":"execute","decl":{"start":{"line":18,"column":2},"end":{"line":18,"column":10}},"loc":{"start":{"line":18,"column":28},"end":{"line":21,"column":null}},"line":18}},"branchMap":{},"s":{"0":1,"1":1,"2":1,"3":1},"f":{"0":1,"1":1},"b":{},"meta":{"lastBranch":0,"lastFunction":2,"lastStatement":4,"seen":{"f:13:2:13:Infinity":0,"s:14:21:14:Infinity":0,"s:15:21:15:Infinity":1,"f:18:2:18:10":1,"s:19:4:19:Infinity":2,"s:20:4:20:Infinity":3},"fnNames":{}}}
,"/home/luigi/Desktop/barfometer/src/application/StartTestUseCase.ts": {"path":"/home/luigi/Desktop/barfometer/src/application/StartTestUseCase.ts","statementMap":{"0":{"start":{"line":10,"column":31},"end":{"line":10,"column":59}},"1":{"start":{"line":13,"column":4},"end":{"line":13,"column":null}}},"fnMap":{"0":{"name":"constructor","decl":{"start":{"line":10,"column":2},"end":{"line":10,"column":14}},"loc":{"start":{"line":10,"column":59},"end":{"line":10,"column":null}},"line":10},"1":{"name":"execute","decl":{"start":{"line":12,"column":2},"end":{"line":12,"column":18}},"loc":{"start":{"line":12,"column":18},"end":{"line":14,"column":null}},"line":12}},"branchMap":{},"s":{"0":2,"1":2},"f":{"0":2,"1":2},"b":{},"meta":{"lastBranch":0,"lastFunction":2,"lastStatement":2,"seen":{"f:10:2:10:14":0,"s:10:31:10:59":0,"f:12:2:12:18":1,"s:13:4:13:Infinity":1},"fnNames":{}}}
,"/home/luigi/Desktop/barfometer/src/domain/entities/BarfometerSession.ts": {"path":"/home/luigi/Desktop/barfometer/src/domain/entities/BarfometerSession.ts","statementMap":{"0":{"start":{"line":8,"column":7},"end":{"line":19,"column":null}},"1":{"start":{"line":10,"column":2},"end":{"line":10,"column":null}},"2":{"start":{"line":12,"column":2},"end":{"line":12,"column":null}},"3":{"start":{"line":14,"column":2},"end":{"line":14,"column":null}},"4":{"start":{"line":16,"column":2},"end":{"line":16,"column":null}},"5":{"start":{"line":18,"column":2},"end":{"line":18,"column":null}},"6":{"start":{"line":30,"column":39},"end":{"line":30,"column":null}},"7":{"start":{"line":31,"column":35},"end":{"line":31,"column":null}},"8":{"start":{"line":32,"column":36},"end":{"line":32,"column":null}},"9":{"start":{"line":35,"column":4},"end":{"line":41,"column":null}},"10":{"start":{"line":36,"column":6},"end":{"line":36,"column":null}},"11":{"start":{"line":37,"column":6},"end":{"line":37,"column":null}},"12":{"start":{"line":39,"column":6},"end":{"line":39,"column":null}},"13":{"start":{"line":40,"column":6},"end":{"line":40,"column":null}},"14":{"start":{"line":46,"column":4},"end":{"line":46,"column":null}},"15":{"start":{"line":51,"column":4},"end":{"line":51,"column":null}},"16":{"start":{"line":56,"column":4},"end":{"line":56,"column":null}},"17":{"start":{"line":64,"column":4},"end":{"line":66,"column":null}},"18":{"start":{"line":65,"column":6},"end":{"line":65,"column":null}},"19":{"start":{"line":67,"column":4},"end":{"line":67,"column":null}},"20":{"start":{"line":68,"column":4},"end":{"line":68,"column":null}},"21":{"start":{"line":76,"column":4},"end":{"line":78,"column":null}},"22":{"start":{"line":77,"column":6},"end":{"line":77,"column":null}},"23":{"start":{"line":79,"column":4},"end":{"line":81,"column":null}},"24":{"start":{"line":80,"column":6},"end":{"line":80,"column":null}},"25":{"start":{"line":82,"column":4},"end":{"line":82,"column":null}},"26":{"start":{"line":90,"column":4},"end":{"line":92,"column":null}},"27":{"start":{"line":91,"column":6},"end":{"line":91,"column":null}},"28":{"start":{"line":93,"column":4},"end":{"line":93,"column":null}},"29":{"start":{"line":94,"column":4},"end":{"line":94,"column":null}},"30":{"start":{"line":95,"column":4},"end":{"line":95,"column":null}},"31":{"start":{"line":103,"column":4},"end":{"line":105,"column":null}},"32":{"start":{"line":104,"column":6},"end":{"line":104,"column":null}},"33":{"start":{"line":106,"column":4},"end":{"line":108,"column":null}},"34":{"start":{"line":107,"column":6},"end":{"line":107,"column":null}},"35":{"start":{"line":110,"column":4},"end":{"line":114,"column":null}},"36":{"start":{"line":115,"column":4},"end":{"line":115,"column":null}},"37":{"start":{"line":124,"column":4},"end":{"line":124,"column":null}},"38":{"start":{"line":125,"column":4},"end":{"line":125,"column":null}},"39":{"start":{"line":126,"column":4},"end":{"line":126,"column":null}},"40":{"start":{"line":127,"column":4},"end":{"line":127,"column":null}}},"fnMap":{"0":{"name":"(anonymous_0)","decl":{"start":{"line":8,"column":7},"end":{"line":8,"column":12}},"loc":{"start":{"line":8,"column":7},"end":{"line":19,"column":null}},"line":8},"1":{"name":"constructor","decl":{"start":{"line":34,"column":2},"end":{"line":34,"column":14}},"loc":{"start":{"line":34,"column":32},"end":{"line":42,"column":null}},"line":34},"2":{"name":"state","decl":{"start":{"line":45,"column":6},"end":{"line":45,"column":28}},"loc":{"start":{"line":45,"column":28},"end":{"line":47,"column":null}},"line":45},"3":{"name":"presetZone","decl":{"start":{"line":50,"column":6},"end":{"line":50,"column":32}},"loc":{"start":{"line":50,"column":32},"end":{"line":52,"column":null}},"line":50},"4":{"name":"result","decl":{"start":{"line":55,"column":6},"end":{"line":55,"column":34}},"loc":{"start":{"line":55,"column":34},"end":{"line":57,"column":null}},"line":55},"5":{"name":"setPresetZone","decl":{"start":{"line":63,"column":2},"end":{"line":63,"column":16}},"loc":{"start":{"line":63,"column":34},"end":{"line":69,"column":null}},"line":63},"6":{"name":"startTest","decl":{"start":{"line":75,"column":2},"end":{"line":75,"column":20}},"loc":{"start":{"line":75,"column":20},"end":{"line":83,"column":null}},"line":75},"7":{"name":"registerBlow","decl":{"start":{"line":89,"column":2},"end":{"line":89,"column":15}},"loc":{"start":{"line":89,"column":60},"end":{"line":96,"column":null}},"line":89},"8":{"name":"completeAnimation","decl":{"start":{"line":102,"column":2},"end":{"line":102,"column":28}},"loc":{"start":{"line":102,"column":28},"end":{"line":116,"column":null}},"line":102},"9":{"name":"reset","decl":{"start":{"line":123,"column":2},"end":{"line":123,"column":16}},"loc":{"start":{"line":123,"column":16},"end":{"line":128,"column":null}},"line":123}},"branchMap":{"0":{"loc":{"start":{"line":35,"column":4},"end":{"line":41,"column":null}},"type":"if","locations":[{"start":{"line":35,"column":4},"end":{"line":41,"column":null}},{"start":{"line":38,"column":11},"end":{"line":41,"column":null}}],"line":35},"1":{"loc":{"start":{"line":64,"column":4},"end":{"line":66,"column":null}},"type":"if","locations":[{"start":{"line":64,"column":4},"end":{"line":66,"column":null}},{"start":{},"end":{}}],"line":64},"2":{"loc":{"start":{"line":64,"column":8},"end":{"line":64,"column":84}},"type":"binary-expr","locations":[{"start":{"line":64,"column":8},"end":{"line":64,"column":45}},{"start":{"line":64,"column":45},"end":{"line":64,"column":84}}],"line":64},"3":{"loc":{"start":{"line":76,"column":4},"end":{"line":78,"column":null}},"type":"if","locations":[{"start":{"line":76,"column":4},"end":{"line":78,"column":null}},{"start":{},"end":{}}],"line":76},"4":{"loc":{"start":{"line":79,"column":4},"end":{"line":81,"column":null}},"type":"if","locations":[{"start":{"line":79,"column":4},"end":{"line":81,"column":null}},{"start":{},"end":{}}],"line":79},"5":{"loc":{"start":{"line":90,"column":4},"end":{"line":92,"column":null}},"type":"if","locations":[{"start":{"line":90,"column":4},"end":{"line":92,"column":null}},{"start":{},"end":{}}],"line":90},"6":{"loc":{"start":{"line":103,"column":4},"end":{"line":105,"column":null}},"type":"if","locations":[{"start":{"line":103,"column":4},"end":{"line":105,"column":null}},{"start":{},"end":{}}],"line":103},"7":{"loc":{"start":{"line":106,"column":4},"end":{"line":108,"column":null}},"type":"if","locations":[{"start":{"line":106,"column":4},"end":{"line":108,"column":null}},{"start":{},"end":{}}],"line":106},"8":{"loc":{"start":{"line":127,"column":18},"end":{"line":127,"column":null}},"type":"cond-expr","locations":[{"start":{"line":127,"column":39},"end":{"line":127,"column":null}},{"start":{"line":127,"column":39},"end":{"line":127,"column":null}}],"line":127}},"s":{"0":5,"1":5,"2":5,"3":5,"4":5,"5":5,"6":25,"7":25,"8":25,"9":25,"10":1,"11":1,"12":24,"13":24,"14":15,"15":7,"16":7,"17":21,"18":1,"19":20,"20":20,"21":17,"22":2,"23":15,"24":1,"25":14,"26":10,"27":1,"28":9,"29":9,"30":9,"31":8,"32":1,"33":7,"34":1,"35":6,"36":6,"37":4,"38":4,"39":4,"40":4},"f":{"0":5,"1":25,"2":15,"3":7,"4":7,"5":21,"6":17,"7":10,"8":8,"9":4},"b":{"0":[1,24],"1":[1,20],"2":[21,2],"3":[2,15],"4":[1,14],"5":[1,9],"6":[1,7],"7":[1,6],"8":[3,1]},"meta":{"lastBranch":9,"lastFunction":10,"lastStatement":41,"seen":{"s:8:7:19:Infinity":0,"f:8:7:8:12":0,"s:10:2:10:Infinity":1,"s:12:2:12:Infinity":2,"s:14:2:14:Infinity":3,"s:16:2:16:Infinity":4,"s:18:2:18:Infinity":5,"s:30:39:30:Infinity":6,"s:31:35:31:Infinity":7,"s:32:36:32:Infinity":8,"f:34:2:34:14":1,"b:35:4:41:Infinity:38:11:41:Infinity":0,"s:35:4:41:Infinity":9,"s:36:6:36:Infinity":10,"s:37:6:37:Infinity":11,"s:39:6:39:Infinity":12,"s:40:6:40:Infinity":13,"f:45:6:45:28":2,"s:46:4:46:Infinity":14,"f:50:6:50:32":3,"s:51:4:51:Infinity":15,"f:55:6:55:34":4,"s:56:4:56:Infinity":16,"f:63:2:63:16":5,"b:64:4:66:Infinity:undefined:undefined:undefined:undefined":1,"s:64:4:66:Infinity":17,"b:64:8:64:45:64:45:64:84":2,"s:65:6:65:Infinity":18,"s:67:4:67:Infinity":19,"s:68:4:68:Infinity":20,"f:75:2:75:20":6,"b:76:4:78:Infinity:undefined:undefined:undefined:undefined":3,"s:76:4:78:Infinity":21,"s:77:6:77:Infinity":22,"b:79:4:81:Infinity:undefined:undefined:undefined:undefined":4,"s:79:4:81:Infinity":23,"s:80:6:80:Infinity":24,"s:82:4:82:Infinity":25,"f:89:2:89:15":7,"b:90:4:92:Infinity:undefined:undefined:undefined:undefined":5,"s:90:4:92:Infinity":26,"s:91:6:91:Infinity":27,"s:93:4:93:Infinity":28,"s:94:4:94:Infinity":29,"s:95:4:95:Infinity":30,"f:102:2:102:28":8,"b:103:4:105:Infinity:undefined:undefined:undefined:undefined":6,"s:103:4:105:Infinity":31,"s:104:6:104:Infinity":32,"b:106:4:108:Infinity:undefined:undefined:undefined:undefined":7,"s:106:4:108:Infinity":33,"s:107:6:107:Infinity":34,"s:110:4:114:Infinity":35,"s:115:4:115:Infinity":36,"f:123:2:123:16":9,"s:124:4:124:Infinity":37,"s:125:4:125:Infinity":38,"s:126:4:126:Infinity":39,"s:127:4:127:Infinity":40,"b:127:39:127:Infinity:127:39:127:Infinity":8},"fnNames":{}}}
,"/home/luigi/Desktop/barfometer/src/domain/ports/MicrophonePort.ts": {"path":"/home/luigi/Desktop/barfometer/src/domain/ports/MicrophonePort.ts","statementMap":{},"fnMap":{},"branchMap":{},"s":{},"f":{},"b":{},"meta":{"lastBranch":0,"lastFunction":0,"lastStatement":0,"seen":{},"fnNames":{}}}
,"/home/luigi/Desktop/barfometer/src/domain/ports/SoundAnalyzerPort.ts": {"path":"/home/luigi/Desktop/barfometer/src/domain/ports/SoundAnalyzerPort.ts","statementMap":{},"fnMap":{},"branchMap":{},"s":{},"f":{},"b":{},"meta":{"lastBranch":0,"lastFunction":0,"lastStatement":0,"seen":{},"fnNames":{}}}
,"/home/luigi/Desktop/barfometer/src/domain/ports/StoragePort.ts": {"path":"/home/luigi/Desktop/barfometer/src/domain/ports/StoragePort.ts","statementMap":{},"fnMap":{},"branchMap":{},"s":{},"f":{},"b":{},"meta":{"lastBranch":0,"lastFunction":0,"lastStatement":0,"seen":{},"fnNames":{}}}
,"/home/luigi/Desktop/barfometer/src/domain/value-objects/BlowResult.ts": {"path":"/home/luigi/Desktop/barfometer/src/domain/value-objects/BlowResult.ts","statementMap":{"0":{"start":{"line":3,"column":34},"end":{"line":3,"column":null}},"1":{"start":{"line":4,"column":34},"end":{"line":4,"column":null}},"2":{"start":{"line":31,"column":2},"end":{"line":31,"column":null}},"3":{"start":{"line":42,"column":15},"end":{"line":42,"column":null}},"4":{"start":{"line":43,"column":25},"end":{"line":43,"column":null}},"5":{"start":{"line":44,"column":14},"end":{"line":44,"column":null}},"6":{"start":{"line":46,"column":2},"end":{"line":46,"column":null}},"7":{"start":{"line":56,"column":2},"end":{"line":58,"column":null}},"8":{"start":{"line":57,"column":4},"end":{"line":57,"column":null}},"9":{"start":{"line":60,"column":20},"end":{"line":60,"column":null}},"10":{"start":{"line":61,"column":30},"end":{"line":61,"column":null}},"11":{"start":{"line":63,"column":2},"end":{"line":68,"column":null}}},"fnMap":{"0":{"name":"clamp","decl":{"start":{"line":30,"column":9},"end":{"line":30,"column":15}},"loc":{"start":{"line":30,"column":64},"end":{"line":32,"column":null}},"line":30},"1":{"name":"calculateAnimationDuration","decl":{"start":{"line":39,"column":9},"end":{"line":39,"column":36}},"loc":{"start":{"line":39,"column":83},"end":{"line":47,"column":null}},"line":39},"2":{"name":"createBlowResult","decl":{"start":{"line":55,"column":16},"end":{"line":55,"column":33}},"loc":{"start":{"line":55,"column":71},"end":{"line":69,"column":null}},"line":55}},"branchMap":{"0":{"loc":{"start":{"line":56,"column":2},"end":{"line":58,"column":null}},"type":"if","locations":[{"start":{"line":56,"column":2},"end":{"line":58,"column":null}},{"start":{},"end":{}}],"line":56}},"s":{"0":6,"1":6,"2":26,"3":13,"4":13,"5":13,"6":13,"7":15,"8":2,"9":13,"10":13,"11":13},"f":{"0":26,"1":13,"2":15},"b":{"0":[2,13]},"meta":{"lastBranch":1,"lastFunction":3,"lastStatement":12,"seen":{"s:3:34:3:Infinity":0,"s:4:34:4:Infinity":1,"f:30:9:30:15":0,"s:31:2:31:Infinity":2,"f:39:9:39:36":1,"s:42:15:42:Infinity":3,"s:43:25:43:Infinity":4,"s:44:14:44:Infinity":5,"s:46:2:46:Infinity":6,"f:55:16:55:33":2,"b:56:2:58:Infinity:undefined:undefined:undefined:undefined":0,"s:56:2:58:Infinity":7,"s:57:4:57:Infinity":8,"s:60:20:60:Infinity":9,"s:61:30:61:Infinity":10,"s:63:2:68:Infinity":11},"fnNames":{}}}
,"/home/luigi/Desktop/barfometer/src/domain/value-objects/Zone.ts": {"path":"/home/luigi/Desktop/barfometer/src/domain/value-objects/Zone.ts","statementMap":{"0":{"start":{"line":5,"column":7},"end":{"line":9,"column":null}},"1":{"start":{"line":6,"column":2},"end":{"line":6,"column":null}},"2":{"start":{"line":7,"column":2},"end":{"line":7,"column":null}},"3":{"start":{"line":8,"column":2},"end":{"line":8,"column":null}},"4":{"start":{"line":12,"column":38},"end":{"line":12,"column":null}},"5":{"start":{"line":19,"column":2},"end":{"line":31,"column":null}},"6":{"start":{"line":21,"column":6},"end":{"line":21,"column":null}},"7":{"start":{"line":23,"column":6},"end":{"line":23,"column":null}},"8":{"start":{"line":25,"column":6},"end":{"line":25,"column":null}},"9":{"start":{"line":29,"column":6},"end":{"line":29,"column":null}},"10":{"start":{"line":38,"column":2},"end":{"line":50,"column":null}},"11":{"start":{"line":40,"column":6},"end":{"line":40,"column":null}},"12":{"start":{"line":42,"column":6},"end":{"line":42,"column":null}},"13":{"start":{"line":44,"column":6},"end":{"line":44,"column":null}},"14":{"start":{"line":48,"column":6},"end":{"line":48,"column":null}}},"fnMap":{"0":{"name":"(anonymous_0)","decl":{"start":{"line":5,"column":7},"end":{"line":5,"column":12}},"loc":{"start":{"line":5,"column":7},"end":{"line":9,"column":null}},"line":5},"1":{"name":"getZoneLabel","decl":{"start":{"line":18,"column":16},"end":{"line":18,"column":29}},"loc":{"start":{"line":18,"column":49},"end":{"line":32,"column":null}},"line":18},"2":{"name":"getZoneColor","decl":{"start":{"line":37,"column":16},"end":{"line":37,"column":29}},"loc":{"start":{"line":37,"column":49},"end":{"line":51,"column":null}},"line":37}},"branchMap":{"0":{"loc":{"start":{"line":19,"column":2},"end":{"line":31,"column":null}},"type":"switch","locations":[{"start":{"line":20,"column":4},"end":{"line":21,"column":null}},{"start":{"line":22,"column":4},"end":{"line":23,"column":null}},{"start":{"line":24,"column":4},"end":{"line":25,"column":null}},{"start":{"line":26,"column":4},"end":{"line":30,"column":null}}],"line":19},"1":{"loc":{"start":{"line":38,"column":2},"end":{"line":50,"column":null}},"type":"switch","locations":[{"start":{"line":39,"column":4},"end":{"line":40,"column":null}},{"start":{"line":41,"column":4},"end":{"line":42,"column":null}},{"start":{"line":43,"column":4},"end":{"line":44,"column":null}},{"start":{"line":45,"column":4},"end":{"line":49,"column":null}}],"line":38}},"s":{"0":7,"1":7,"2":7,"3":7,"4":7,"5":3,"6":1,"7":1,"8":1,"9":0,"10":6,"11":2,"12":2,"13":2,"14":0},"f":{"0":7,"1":3,"2":6},"b":{"0":[1,1,1,0],"1":[2,2,2,0]},"meta":{"lastBranch":2,"lastFunction":3,"lastStatement":15,"seen":{"s:5:7:9:Infinity":0,"f:5:7:5:12":0,"s:6:2:6:Infinity":1,"s:7:2:7:Infinity":2,"s:8:2:8:Infinity":3,"s:12:38:12:Infinity":4,"f:18:16:18:29":1,"b:20:4:21:Infinity:22:4:23:Infinity:24:4:25:Infinity:26:4:30:Infinity":0,"s:19:2:31:Infinity":5,"s:21:6:21:Infinity":6,"s:23:6:23:Infinity":7,"s:25:6:25:Infinity":8,"s:29:6:29:Infinity":9,"f:37:16:37:29":2,"b:39:4:40:Infinity:41:4:42:Infinity:43:4:44:Infinity:45:4:49:Infinity":1,"s:38:2:50:Infinity":10,"s:40:6:40:Infinity":11,"s:42:6:42:Infinity":12,"s:44:6:44:Infinity":13,"s:48:6:48:Infinity":14},"fnNames":{}}}
}
